2014/01/31 20:10:47 [error] [exception.CHttpException.404] exception 'CHttpException' with message 'Unable to resolve the request "themes/admin3/js/jquery-1.10.2.min.map".' in /opt/local/www/default/framework/web/CWebApplication.php:280
Stack trace:
#0 /opt/local/www/default/framework/web/CWebApplication.php(135): CWebApplication->runController('themes/admin3/j...')
#1 /opt/local/www/default/framework/base/CApplication.php(162): CWebApplication->processRequest()
#2 /opt/local/www/default/app/index.php(13): CApplication->run()
#3 {main}
REQUEST_URI=/themes/admin3/js/jquery-1.10.2.min.map
HTTP_REFERER=http://dev.default.com/admin/page/create
---
2014/01/31 20:10:47 [error] [exception.CHttpException.404] exception 'CHttpException' with message 'Unable to resolve the request "themes/admin3/js/underscore-min.map".' in /opt/local/www/default/framework/web/CWebApplication.php:280
Stack trace:
#0 /opt/local/www/default/framework/web/CWebApplication.php(135): CWebApplication->runController('themes/admin3/j...')
#1 /opt/local/www/default/framework/base/CApplication.php(162): CWebApplication->processRequest()
#2 /opt/local/www/default/app/index.php(13): CApplication->run()
#3 {main}
REQUEST_URI=/themes/admin3/js/underscore-min.map
HTTP_REFERER=http://dev.default.com/admin/page/create
---
2014/01/31 20:10:49 [error] [exception.CHttpException.404] exception 'CHttpException' with message 'Unable to resolve the request "themes/admin3/js/jquery-1.10.2.min.map".' in /opt/local/www/default/framework/web/CWebApplication.php:280
Stack trace:
#0 /opt/local/www/default/framework/web/CWebApplication.php(135): CWebApplication->runController('themes/admin3/j...')
#1 /opt/local/www/default/framework/base/CApplication.php(162): CWebApplication->processRequest()
#2 /opt/local/www/default/app/index.php(13): CApplication->run()
#3 {main}
REQUEST_URI=/themes/admin3/js/jquery-1.10.2.min.map
HTTP_REFERER=http://dev.default.com/admin/page
---
2014/01/31 20:10:49 [error] [exception.CHttpException.404] exception 'CHttpException' with message 'Unable to resolve the request "themes/admin3/js/underscore-min.map".' in /opt/local/www/default/framework/web/CWebApplication.php:280
Stack trace:
#0 /opt/local/www/default/framework/web/CWebApplication.php(135): CWebApplication->runController('themes/admin3/j...')
#1 /opt/local/www/default/framework/base/CApplication.php(162): CWebApplication->processRequest()
#2 /opt/local/www/default/app/index.php(13): CApplication->run()
#3 {main}
REQUEST_URI=/themes/admin3/js/underscore-min.map
HTTP_REFERER=http://dev.default.com/admin/page
---
2014/01/31 20:10:50 [error] [exception.CHttpException.404] exception 'CHttpException' with message 'Unable to resolve the request "images/uploads/admin_thumb_20140108143718Norway_sheep_and_landscape.jpg".' in /opt/local/www/default/framework/web/CWebApplication.php:280
Stack trace:
#0 /opt/local/www/default/framework/web/CWebApplication.php(135): CWebApplication->runController('images/uploads/...')
#1 /opt/local/www/default/framework/base/CApplication.php(162): CWebApplication->processRequest()
#2 /opt/local/www/default/app/index.php(13): CApplication->run()
#3 {main}
REQUEST_URI=/images/uploads/admin_thumb_20140108143718Norway_sheep_and_landscape.jpg
HTTP_REFERER=http://dev.default.com/admin/page
---
2014/01/31 20:10:50 [error] [exception.CHttpException.404] exception 'CHttpException' with message 'Unable to resolve the request "images/uploads/admin_thumb_20131226142935image_fond.jpg".' in /opt/local/www/default/framework/web/CWebApplication.php:280
Stack trace:
#0 /opt/local/www/default/framework/web/CWebApplication.php(135): CWebApplication->runController('images/uploads/...')
#1 /opt/local/www/default/framework/base/CApplication.php(162): CWebApplication->processRequest()
#2 /opt/local/www/default/app/index.php(13): CApplication->run()
#3 {main}
REQUEST_URI=/images/uploads/admin_thumb_20131226142935image_fond.jpg
HTTP_REFERER=http://dev.default.com/admin/page
---
2014/01/31 20:10:50 [error] [exception.CHttpException.404] exception 'CHttpException' with message 'Unable to resolve the request "images/uploads/admin_thumb_20140108143934Trolling_The_Landscape_Brown_Bear_Alaska.jpg".' in /opt/local/www/default/framework/web/CWebApplication.php:280
Stack trace:
#0 /opt/local/www/default/framework/web/CWebApplication.php(135): CWebApplication->runController('images/uploads/...')
#1 /opt/local/www/default/framework/base/CApplication.php(162): CWebApplication->processRequest()
#2 /opt/local/www/default/app/index.php(13): CApplication->run()
#3 {main}
REQUEST_URI=/images/uploads/admin_thumb_20140108143934Trolling_The_Landscape_Brown_Bear_Alaska.jpg
HTTP_REFERER=http://dev.default.com/admin/page
---
2014/01/31 20:10:50 [error] [exception.CHttpException.404] exception 'CHttpException' with message 'Unable to resolve the request "images/uploads/admin_thumb_20131226095848image_fond.jpg".' in /opt/local/www/default/framework/web/CWebApplication.php:280
Stack trace:
#0 /opt/local/www/default/framework/web/CWebApplication.php(135): CWebApplication->runController('images/uploads/...')
#1 /opt/local/www/default/framework/base/CApplication.php(162): CWebApplication->processRequest()
#2 /opt/local/www/default/app/index.php(13): CApplication->run()
#3 {main}
REQUEST_URI=/images/uploads/admin_thumb_20131226095848image_fond.jpg
HTTP_REFERER=http://dev.default.com/admin/page
---
2014/01/31 20:10:50 [error] [exception.CHttpException.404] exception 'CHttpException' with message 'Unable to resolve the request "images/uploads/admin_thumb_20131227150240Matt_Sayles_portrait_shot_in_Beverly_HillsNov_8_2008_kristen_stewart_2823602_1845_2560.jpg".' in /opt/local/www/default/framework/web/CWebApplication.php:280
Stack trace:
#0 /opt/local/www/default/framework/web/CWebApplication.php(135): CWebApplication->runController('images/uploads/...')
#1 /opt/local/www/default/framework/base/CApplication.php(162): CWebApplication->processRequest()
#2 /opt/local/www/default/app/index.php(13): CApplication->run()
#3 {main}
REQUEST_URI=/images/uploads/admin_thumb_20131227150240Matt_Sayles_portrait_shot_in_Beverly_HillsNov_8_2008_kristen_stewart_2823602_1845_2560.jpg
HTTP_REFERER=http://dev.default.com/admin/page
---
2014/01/31 20:10:50 [error] [exception.CHttpException.404] exception 'CHttpException' with message 'Unable to resolve the request "images/uploads/admin_thumb_20131226142953Flowers_Landscape_Wallpaper.jpg".' in /opt/local/www/default/framework/web/CWebApplication.php:280
Stack trace:
#0 /opt/local/www/default/framework/web/CWebApplication.php(135): CWebApplication->runController('images/uploads/...')
#1 /opt/local/www/default/framework/base/CApplication.php(162): CWebApplication->processRequest()
#2 /opt/local/www/default/app/index.php(13): CApplication->run()
#3 {main}
REQUEST_URI=/images/uploads/admin_thumb_20131226142953Flowers_Landscape_Wallpaper.jpg
HTTP_REFERER=http://dev.default.com/admin/page
---
2014/01/31 20:10:50 [error] [exception.CHttpException.404] exception 'CHttpException' with message 'Unable to resolve the request "images/uploads/admin_thumb_20131226095858Matt_Sayles_portrait_shot_in_Beverly_HillsNov_8_2008_kristen_stewart_2823602_1845_2560.jpg".' in /opt/local/www/default/framework/web/CWebApplication.php:280
Stack trace:
#0 /opt/local/www/default/framework/web/CWebApplication.php(135): CWebApplication->runController('images/uploads/...')
#1 /opt/local/www/default/framework/base/CApplication.php(162): CWebApplication->processRequest()
#2 /opt/local/www/default/app/index.php(13): CApplication->run()
#3 {main}
REQUEST_URI=/images/uploads/admin_thumb_20131226095858Matt_Sayles_portrait_shot_in_Beverly_HillsNov_8_2008_kristen_stewart_2823602_1845_2560.jpg
HTTP_REFERER=http://dev.default.com/admin/page
---
2014/01/31 20:10:52 [error] [exception.CHttpException.404] exception 'CHttpException' with message 'Unable to resolve the request "themes/admin3/js/jquery-1.10.2.min.map".' in /opt/local/www/default/framework/web/CWebApplication.php:280
Stack trace:
#0 /opt/local/www/default/framework/web/CWebApplication.php(135): CWebApplication->runController('themes/admin3/j...')
#1 /opt/local/www/default/framework/base/CApplication.php(162): CWebApplication->processRequest()
#2 /opt/local/www/default/app/index.php(13): CApplication->run()
#3 {main}
REQUEST_URI=/themes/admin3/js/jquery-1.10.2.min.map
HTTP_REFERER=http://dev.default.com/admin/page/14
---
2014/01/31 20:10:52 [error] [exception.CHttpException.404] exception 'CHttpException' with message 'Unable to resolve the request "themes/admin3/js/underscore-min.map".' in /opt/local/www/default/framework/web/CWebApplication.php:280
Stack trace:
#0 /opt/local/www/default/framework/web/CWebApplication.php(135): CWebApplication->runController('themes/admin3/j...')
#1 /opt/local/www/default/framework/base/CApplication.php(162): CWebApplication->processRequest()
#2 /opt/local/www/default/app/index.php(13): CApplication->run()
#3 {main}
REQUEST_URI=/themes/admin3/js/underscore-min.map
HTTP_REFERER=http://dev.default.com/admin/page/14
---
2014/01/31 20:24:56 [error] [exception.CHttpException.404] exception 'CHttpException' with message 'Unable to resolve the request "themes/admin3/js/jquery-1.10.2.min.map".' in /opt/local/www/default/framework/web/CWebApplication.php:280
Stack trace:
#0 /opt/local/www/default/framework/web/CWebApplication.php(135): CWebApplication->runController('themes/admin3/j...')
#1 /opt/local/www/default/framework/base/CApplication.php(162): CWebApplication->processRequest()
#2 /opt/local/www/default/app/index.php(13): CApplication->run()
#3 {main}
REQUEST_URI=/themes/admin3/js/jquery-1.10.2.min.map
HTTP_REFERER=http://dev.default.com/admin/page/14
---
2014/01/31 20:24:56 [error] [exception.CHttpException.404] exception 'CHttpException' with message 'Unable to resolve the request "themes/admin3/js/underscore-min.map".' in /opt/local/www/default/framework/web/CWebApplication.php:280
Stack trace:
#0 /opt/local/www/default/framework/web/CWebApplication.php(135): CWebApplication->runController('themes/admin3/j...')
#1 /opt/local/www/default/framework/base/CApplication.php(162): CWebApplication->processRequest()
#2 /opt/local/www/default/app/index.php(13): CApplication->run()
#3 {main}
REQUEST_URI=/themes/admin3/js/underscore-min.map
HTTP_REFERER=http://dev.default.com/admin/page/14
---
2014/01/31 20:24:57 [error] [exception.CHttpException.404] exception 'CHttpException' with message 'The requested page does not exist.' in /opt/local/www/default/app/protected/controllers/SiteController.php:94
Stack trace:
#0 /opt/local/www/default/app/protected/controllers/SiteController.php(74): SiteController->loadModelBySlug('favicon.ico')
#1 [internal function]: SiteController->actionPage('favicon.ico')
#2 /opt/local/www/default/framework/web/actions/CAction.php(107): ReflectionMethod->invokeArgs(Object(SiteController), Array)
#3 /opt/local/www/default/framework/web/actions/CInlineAction.php(48): CAction->runWithParamsInternal(Object(SiteController), Object(ReflectionMethod), Array)
#4 /opt/local/www/default/framework/web/CController.php(309): CInlineAction->runWithParams(Array)
#5 /opt/local/www/default/framework/web/CController.php(287): CController->runAction(Object(CInlineAction))
#6 /opt/local/www/default/framework/web/CController.php(266): CController->runActionWithFilters(Object(CInlineAction), Array)
#7 /opt/local/www/default/framework/web/CWebApplication.php(276): CController->run('page')
#8 /opt/local/www/default/framework/web/CWebApplication.php(135): CWebApplication->runController('site/page')
#9 /opt/local/www/default/framework/base/CApplication.php(162): CWebApplication->processRequest()
#10 /opt/local/www/default/app/index.php(13): CApplication->run()
#11 {main}
REQUEST_URI=/favicon.ico
---
2014/02/16 01:34:05 [error] [exception.CHttpException.404] exception 'CHttpException' with message 'Unable to resolve the request "wp-content/uploads/jeff-goldblum-jeff-goldblum-13817997-357-500.jpg".' in /opt/local/www/default/framework/web/CWebApplication.php:280
Stack trace:
#0 /opt/local/www/default/framework/web/CWebApplication.php(135): CWebApplication->runController('wp-content/uplo...')
#1 /opt/local/www/default/framework/base/CApplication.php(162): CWebApplication->processRequest()
#2 /opt/local/www/default/app/index.php(13): CApplication->run()
#3 {main}
REQUEST_URI=/wp-content/uploads/jeff-goldblum-jeff-goldblum-13817997-357-500.jpg
---
2014/02/27 21:20:08 [error] [exception.CHttpException.404] exception 'CHttpException' with message 'The requested page does not exist.' in /opt/local/www/default/app/protected/controllers/SiteController.php:94
Stack trace:
#0 /opt/local/www/default/app/protected/controllers/SiteController.php(74): SiteController->loadModelBySlug('favicon.ico')
#1 [internal function]: SiteController->actionPage('favicon.ico')
#2 /opt/local/www/default/framework/web/actions/CAction.php(107): ReflectionMethod->invokeArgs(Object(SiteController), Array)
#3 /opt/local/www/default/framework/web/actions/CInlineAction.php(48): CAction->runWithParamsInternal(Object(SiteController), Object(ReflectionMethod), Array)
#4 /opt/local/www/default/framework/web/CController.php(309): CInlineAction->runWithParams(Array)
#5 /opt/local/www/default/framework/web/CController.php(287): CController->runAction(Object(CInlineAction))
#6 /opt/local/www/default/framework/web/CController.php(266): CController->runActionWithFilters(Object(CInlineAction), Array)
#7 /opt/local/www/default/framework/web/CWebApplication.php(276): CController->run('page')
#8 /opt/local/www/default/framework/web/CWebApplication.php(135): CWebApplication->runController('site/page')
#9 /opt/local/www/default/framework/base/CApplication.php(162): CWebApplication->processRequest()
#10 /opt/local/www/default/app/index.php(13): CApplication->run()
#11 {main}
REQUEST_URI=/favicon.ico
---
2014/02/27 21:20:22 [error] [exception.CHttpException.404] exception 'CHttpException' with message 'Unable to resolve the request "images/uploads/admin_user_".' in /opt/local/www/default/framework/web/CWebApplication.php:280
Stack trace:
#0 /opt/local/www/default/framework/web/CWebApplication.php(135): CWebApplication->runController('images/uploads/...')
#1 /opt/local/www/default/framework/base/CApplication.php(162): CWebApplication->processRequest()
#2 /opt/local/www/default/app/index.php(13): CApplication->run()
#3 {main}
REQUEST_URI=/images/uploads/admin_user_
HTTP_REFERER=http://dev.default.com/admin
---
2014/02/27 21:20:25 [error] [exception.CHttpException.404] exception 'CHttpException' with message 'Unable to resolve the request "images/uploads/admin_user_".' in /opt/local/www/default/framework/web/CWebApplication.php:280
Stack trace:
#0 /opt/local/www/default/framework/web/CWebApplication.php(135): CWebApplication->runController('images/uploads/...')
#1 /opt/local/www/default/framework/base/CApplication.php(162): CWebApplication->processRequest()
#2 /opt/local/www/default/app/index.php(13): CApplication->run()
#3 {main}
REQUEST_URI=/images/uploads/admin_user_
HTTP_REFERER=http://dev.default.com/admin/user/1
---
2014/02/27 21:20:25 [error] [exception.CHttpException.404] exception 'CHttpException' with message 'Unable to resolve the request "images/uploads/admin_user_".' in /opt/local/www/default/framework/web/CWebApplication.php:280
Stack trace:
#0 /opt/local/www/default/framework/web/CWebApplication.php(135): CWebApplication->runController('images/uploads/...')
#1 /opt/local/www/default/framework/base/CApplication.php(162): CWebApplication->processRequest()
#2 /opt/local/www/default/app/index.php(13): CApplication->run()
#3 {main}
REQUEST_URI=/images/uploads/admin_user_
HTTP_REFERER=http://dev.default.com/admin/user/1
---
2014/02/27 21:20:28 [error] [php] Trying to get property of non-object (/opt/local/www/default/app/protected/components/AdminUser.php:18)
Stack trace:
#0 /opt/local/www/default/framework/web/actions/CAction.php(107): ReflectionMethod->invokeArgs()
#1 /opt/local/www/default/framework/web/actions/CInlineAction.php(48): CInlineAction->runWithParamsInternal()
#2 /opt/local/www/default/framework/web/CController.php(309): CInlineAction->runWithParams()
#3 /opt/local/www/default/framework/web/filters/CFilterChain.php(134): UserController->runAction()
#4 /opt/local/www/default/framework/web/filters/CFilter.php(41): CFilterChain->run()
#5 /opt/local/www/default/framework/web/CController.php(1146): CAccessControlFilter->filter()
#6 /opt/local/www/default/framework/web/filters/CInlineFilter.php(59): UserController->filterAccessControl()
#7 /opt/local/www/default/framework/web/filters/CFilterChain.php(131): CInlineFilter->filter()
#8 /opt/local/www/default/framework/web/CController.php(292): CFilterChain->run()
#9 /opt/local/www/default/framework/web/CController.php(266): UserController->runActionWithFilters()
#10 /opt/local/www/default/framework/web/CWebApplication.php(276): UserController->run()
#11 /opt/local/www/default/framework/web/CWebApplication.php(135): CWebApplication->runController()
#12 /opt/local/www/default/framework/base/CApplication.php(162): CWebApplication->processRequest()
#13 /opt/local/www/default/app/index.php(13): CWebApplication->run()
REQUEST_URI=/admin/user/1
in /opt/local/www/default/app/protected/components/AdminUser.php (18)
in /opt/local/www/default/app/protected/controllers/admin/UserController.php (99)
in /opt/local/www/default/app/index.php (13)
2014/02/27 21:20:29 [error] [php] Trying to get property of non-object (/opt/local/www/default/app/protected/components/AdminUser.php:18)
Stack trace:
#0 /opt/local/www/default/framework/web/actions/CAction.php(107): ReflectionMethod->invokeArgs()
#1 /opt/local/www/default/framework/web/actions/CInlineAction.php(48): CInlineAction->runWithParamsInternal()
#2 /opt/local/www/default/framework/web/CController.php(309): CInlineAction->runWithParams()
#3 /opt/local/www/default/framework/web/filters/CFilterChain.php(134): UserController->runAction()
#4 /opt/local/www/default/framework/web/filters/CFilter.php(41): CFilterChain->run()
#5 /opt/local/www/default/framework/web/CController.php(1146): CAccessControlFilter->filter()
#6 /opt/local/www/default/framework/web/filters/CInlineFilter.php(59): UserController->filterAccessControl()
#7 /opt/local/www/default/framework/web/filters/CFilterChain.php(131): CInlineFilter->filter()
#8 /opt/local/www/default/framework/web/CController.php(292): CFilterChain->run()
#9 /opt/local/www/default/framework/web/CController.php(266): UserController->runActionWithFilters()
#10 /opt/local/www/default/framework/web/CWebApplication.php(276): UserController->run()
#11 /opt/local/www/default/framework/web/CWebApplication.php(135): CWebApplication->runController()
#12 /opt/local/www/default/framework/base/CApplication.php(162): CWebApplication->processRequest()
#13 /opt/local/www/default/app/index.php(13): CWebApplication->run()
REQUEST_URI=/admin/user/1
in /opt/local/www/default/app/protected/components/AdminUser.php (18)
in /opt/local/www/default/app/protected/controllers/admin/UserController.php (99)
in /opt/local/www/default/app/index.php (13)
2014/02/27 21:20:33 [error] [php] Trying to get property of non-object (/opt/local/www/default/app/protected/components/AdminUser.php:18)
Stack trace:
#0 /opt/local/www/default/framework/web/actions/CAction.php(107): ReflectionMethod->invokeArgs()
#1 /opt/local/www/default/framework/web/actions/CInlineAction.php(48): CInlineAction->runWithParamsInternal()
#2 /opt/local/www/default/framework/web/CController.php(309): CInlineAction->runWithParams()
#3 /opt/local/www/default/framework/web/filters/CFilterChain.php(134): UserController->runAction()
#4 /opt/local/www/default/framework/web/filters/CFilter.php(41): CFilterChain->run()
#5 /opt/local/www/default/framework/web/CController.php(1146): CAccessControlFilter->filter()
#6 /opt/local/www/default/framework/web/filters/CInlineFilter.php(59): UserController->filterAccessControl()
#7 /opt/local/www/default/framework/web/filters/CFilterChain.php(131): CInlineFilter->filter()
#8 /opt/local/www/default/framework/web/CController.php(292): CFilterChain->run()
#9 /opt/local/www/default/framework/web/CController.php(266): UserController->runActionWithFilters()
#10 /opt/local/www/default/framework/web/CWebApplication.php(276): UserController->run()
#11 /opt/local/www/default/framework/web/CWebApplication.php(135): CWebApplication->runController()
#12 /opt/local/www/default/framework/base/CApplication.php(162): CWebApplication->processRequest()
#13 /opt/local/www/default/app/index.php(13): CWebApplication->run()
REQUEST_URI=/admin/user/1
in /opt/local/www/default/app/protected/components/AdminUser.php (18)
in /opt/local/www/default/app/protected/controllers/admin/UserController.php (99)
in /opt/local/www/default/app/index.php (13)
2014/02/27 21:20:48 [error] [exception.CHttpException.404] exception 'CHttpException' with message 'Unable to resolve the request "themes/admin3/css/stylesheets/uploadifive-cancel.png".' in /opt/local/www/default/framework/web/CWebApplication.php:280
Stack trace:
#0 /opt/local/www/default/framework/web/CWebApplication.php(135): CWebApplication->runController('themes/admin3/c...')
#1 /opt/local/www/default/framework/base/CApplication.php(162): CWebApplication->processRequest()
#2 /opt/local/www/default/app/index.php(13): CApplication->run()
#3 {main}
REQUEST_URI=/themes/admin3/css/stylesheets/uploadifive-cancel.png
HTTP_REFERER=http://dev.default.com/admin/user/1
---
2014/02/27 21:23:41 [error] [exception.CHttpException.404] exception 'CHttpException' with message 'Unable to resolve the request "themes/admin3/css/stylesheets/uploadifive-cancel.png".' in /opt/local/www/default/framework/web/CWebApplication.php:280
Stack trace:
#0 /opt/local/www/default/framework/web/CWebApplication.php(135): CWebApplication->runController('themes/admin3/c...')
#1 /opt/local/www/default/framework/base/CApplication.php(162): CWebApplication->processRequest()
#2 /opt/local/www/default/app/index.php(13): CApplication->run()
#3 {main}
REQUEST_URI=/themes/admin3/css/stylesheets/uploadifive-cancel.png
HTTP_REFERER=http://dev.default.com/admin/user/2
---
2014/02/27 21:26:22 [error] [exception.CHttpException.404] exception 'CHttpException' with message 'Unable to resolve the request "themes/admin3/css/stylesheets/uploadifive-cancel.png".' in /opt/local/www/default/framework/web/CWebApplication.php:280
Stack trace:
#0 /opt/local/www/default/framework/web/CWebApplication.php(135): CWebApplication->runController('themes/admin3/c...')
#1 /opt/local/www/default/framework/base/CApplication.php(162): CWebApplication->processRequest()
#2 /opt/local/www/default/app/index.php(13): CApplication->run()
#3 {main}
REQUEST_URI=/themes/admin3/css/stylesheets/uploadifive-cancel.png
HTTP_REFERER=http://dev.default.com/admin/page/1
---
2014/02/27 21:26:37 [warning] [application] Failed to set unsafe attribute "categoryIds" of "Page".
in /opt/local/www/default/app/protected/controllers/admin/PageController.php (123)
in /opt/local/www/default/app/protected/controllers/admin/PageController.php (70)
in /opt/local/www/default/app/index.php (13)
2014/02/27 21:26:37 [warning] [application] Failed to set unsafe attribute "new_category" of "Page".
in /opt/local/www/default/app/protected/controllers/admin/PageController.php (123)
in /opt/local/www/default/app/protected/controllers/admin/PageController.php (70)
in /opt/local/www/default/app/index.php (13)
2014/02/27 21:29:53 [error] [exception.CHttpException.404] exception 'CHttpException' with message 'Unable to resolve the request "themes/admin3/js/underscore-min.map".' in /opt/local/www/default/framework/web/CWebApplication.php:280
Stack trace:
#0 /opt/local/www/default/framework/web/CWebApplication.php(135): CWebApplication->runController('themes/admin3/j...')
#1 /opt/local/www/default/framework/base/CApplication.php(162): CWebApplication->processRequest()
#2 /opt/local/www/default/app/index.php(13): CApplication->run()
#3 {main}
REQUEST_URI=/themes/admin3/js/underscore-min.map
HTTP_REFERER=http://dev.default.com/admin/user/1
---
2014/02/27 21:29:53 [error] [exception.CHttpException.404] exception 'CHttpException' with message 'Unable to resolve the request "themes/admin3/js/jquery-1.10.2.min.map".' in /opt/local/www/default/framework/web/CWebApplication.php:280
Stack trace:
#0 /opt/local/www/default/framework/web/CWebApplication.php(135): CWebApplication->runController('themes/admin3/j...')
#1 /opt/local/www/default/framework/base/CApplication.php(162): CWebApplication->processRequest()
#2 /opt/local/www/default/app/index.php(13): CApplication->run()
#3 {main}
REQUEST_URI=/themes/admin3/js/jquery-1.10.2.min.map
HTTP_REFERER=http://dev.default.com/admin/user/1
---
2014/02/27 21:30:07 [error] [exception.CHttpException.404] exception 'CHttpException' with message 'Unable to resolve the request "themes/admin3/js/jquery-1.10.2.min.map".' in /opt/local/www/default/framework/web/CWebApplication.php:280
Stack trace:
#0 /opt/local/www/default/framework/web/CWebApplication.php(135): CWebApplication->runController('themes/admin3/j...')
#1 /opt/local/www/default/framework/base/CApplication.php(162): CWebApplication->processRequest()
#2 /opt/local/www/default/app/index.php(13): CApplication->run()
#3 {main}
REQUEST_URI=/themes/admin3/js/jquery-1.10.2.min.map
HTTP_REFERER=http://dev.default.com/admin/user/1
---
2014/02/27 21:30:07 [error] [exception.CHttpException.404] exception 'CHttpException' with message 'Unable to resolve the request "themes/admin3/js/underscore-min.map".' in /opt/local/www/default/framework/web/CWebApplication.php:280
Stack trace:
#0 /opt/local/www/default/framework/web/CWebApplication.php(135): CWebApplication->runController('themes/admin3/j...')
#1 /opt/local/www/default/framework/base/CApplication.php(162): CWebApplication->processRequest()
#2 /opt/local/www/default/app/index.php(13): CApplication->run()
#3 {main}
REQUEST_URI=/themes/admin3/js/underscore-min.map
HTTP_REFERER=http://dev.default.com/admin/user/1
---
2014/02/27 21:32:37 [error] [exception.CHttpException.404] exception 'CHttpException' with message 'Unable to resolve the request "themes/admin3/js/jquery-1.10.2.min.map".' in /opt/local/www/default/framework/web/CWebApplication.php:280
Stack trace:
#0 /opt/local/www/default/framework/web/CWebApplication.php(135): CWebApplication->runController('themes/admin3/j...')
#1 /opt/local/www/default/framework/base/CApplication.php(162): CWebApplication->processRequest()
#2 /opt/local/www/default/app/index.php(13): CApplication->run()
#3 {main}
REQUEST_URI=/themes/admin3/js/jquery-1.10.2.min.map
HTTP_REFERER=http://dev.default.com/admin/user/1
---
2014/02/27 21:32:37 [error] [exception.CHttpException.404] exception 'CHttpException' with message 'Unable to resolve the request "themes/admin3/js/underscore-min.map".' in /opt/local/www/default/framework/web/CWebApplication.php:280
Stack trace:
#0 /opt/local/www/default/framework/web/CWebApplication.php(135): CWebApplication->runController('themes/admin3/j...')
#1 /opt/local/www/default/framework/base/CApplication.php(162): CWebApplication->processRequest()
#2 /opt/local/www/default/app/index.php(13): CApplication->run()
#3 {main}
REQUEST_URI=/themes/admin3/js/underscore-min.map
HTTP_REFERER=http://dev.default.com/admin/user/1
---
2014/02/27 21:34:09 [error] [exception.CHttpException.404] exception 'CHttpException' with message 'Unable to resolve the request "themes/admin3/js/jquery-1.10.2.min.map".' in /opt/local/www/default/framework/web/CWebApplication.php:280
Stack trace:
#0 /opt/local/www/default/framework/web/CWebApplication.php(135): CWebApplication->runController('themes/admin3/j...')
#1 /opt/local/www/default/framework/base/CApplication.php(162): CWebApplication->processRequest()
#2 /opt/local/www/default/app/index.php(13): CApplication->run()
#3 {main}
REQUEST_URI=/themes/admin3/js/jquery-1.10.2.min.map
HTTP_REFERER=http://dev.default.com/admin/user/1
---
2014/02/27 21:34:09 [error] [exception.CHttpException.404] exception 'CHttpException' with message 'Unable to resolve the request "themes/admin3/js/underscore-min.map".' in /opt/local/www/default/framework/web/CWebApplication.php:280
Stack trace:
#0 /opt/local/www/default/framework/web/CWebApplication.php(135): CWebApplication->runController('themes/admin3/j...')
#1 /opt/local/www/default/framework/base/CApplication.php(162): CWebApplication->processRequest()
#2 /opt/local/www/default/app/index.php(13): CApplication->run()
#3 {main}
REQUEST_URI=/themes/admin3/js/underscore-min.map
HTTP_REFERER=http://dev.default.com/admin/user/1
---
2014/02/27 21:34:09 [error] [exception.CHttpException.404] exception 'CHttpException' with message 'The requested page does not exist.' in /opt/local/www/default/app/protected/controllers/SiteController.php:94
Stack trace:
#0 /opt/local/www/default/app/protected/controllers/SiteController.php(74): SiteController->loadModelBySlug('favicon.ico')
#1 [internal function]: SiteController->actionPage('favicon.ico')
#2 /opt/local/www/default/framework/web/actions/CAction.php(107): ReflectionMethod->invokeArgs(Object(SiteController), Array)
#3 /opt/local/www/default/framework/web/actions/CInlineAction.php(48): CAction->runWithParamsInternal(Object(SiteController), Object(ReflectionMethod), Array)
#4 /opt/local/www/default/framework/web/CController.php(309): CInlineAction->runWithParams(Array)
#5 /opt/local/www/default/framework/web/CController.php(287): CController->runAction(Object(CInlineAction))
#6 /opt/local/www/default/framework/web/CController.php(266): CController->runActionWithFilters(Object(CInlineAction), Array)
#7 /opt/local/www/default/framework/web/CWebApplication.php(276): CController->run('page')
#8 /opt/local/www/default/framework/web/CWebApplication.php(135): CWebApplication->runController('site/page')
#9 /opt/local/www/default/framework/base/CApplication.php(162): CWebApplication->processRequest()
#10 /opt/local/www/default/app/index.php(13): CApplication->run()
#11 {main}
REQUEST_URI=/favicon.ico
---
2014/02/27 21:34:44 [error] [exception.CHttpException.404] exception 'CHttpException' with message 'Unable to resolve the request "themes/admin3/js/jquery-1.10.2.min.map".' in /opt/local/www/default/framework/web/CWebApplication.php:280
Stack trace:
#0 /opt/local/www/default/framework/web/CWebApplication.php(135): CWebApplication->runController('themes/admin3/j...')
#1 /opt/local/www/default/framework/base/CApplication.php(162): CWebApplication->processRequest()
#2 /opt/local/www/default/app/index.php(13): CApplication->run()
#3 {main}
REQUEST_URI=/themes/admin3/js/jquery-1.10.2.min.map
HTTP_REFERER=http://dev.default.com/admin/user/
---
2014/02/27 21:34:44 [error] [exception.CHttpException.404] exception 'CHttpException' with message 'Unable to resolve the request "themes/admin3/js/underscore-min.map".' in /opt/local/www/default/framework/web/CWebApplication.php:280
Stack trace:
#0 /opt/local/www/default/framework/web/CWebApplication.php(135): CWebApplication->runController('themes/admin3/j...')
#1 /opt/local/www/default/framework/base/CApplication.php(162): CWebApplication->processRequest()
#2 /opt/local/www/default/app/index.php(13): CApplication->run()
#3 {main}
REQUEST_URI=/themes/admin3/js/underscore-min.map
HTTP_REFERER=http://dev.default.com/admin/user/
---
2014/02/27 21:34:45 [error] [exception.CHttpException.404] exception 'CHttpException' with message 'Unable to resolve the request "themes/admin3/js/jquery-1.10.2.min.map".' in /opt/local/www/default/framework/web/CWebApplication.php:280
Stack trace:
#0 /opt/local/www/default/framework/web/CWebApplication.php(135): CWebApplication->runController('themes/admin3/j...')
#1 /opt/local/www/default/framework/base/CApplication.php(162): CWebApplication->processRequest()
#2 /opt/local/www/default/app/index.php(13): CApplication->run()
#3 {main}
REQUEST_URI=/themes/admin3/js/jquery-1.10.2.min.map
HTTP_REFERER=http://dev.default.com/admin/user/1
---
2014/02/27 21:34:45 [error] [exception.CHttpException.404] exception 'CHttpException' with message 'Unable to resolve the request "themes/admin3/js/underscore-min.map".' in /opt/local/www/default/framework/web/CWebApplication.php:280
Stack trace:
#0 /opt/local/www/default/framework/web/CWebApplication.php(135): CWebApplication->runController('themes/admin3/j...')
#1 /opt/local/www/default/framework/base/CApplication.php(162): CWebApplication->processRequest()
#2 /opt/local/www/default/app/index.php(13): CApplication->run()
#3 {main}
REQUEST_URI=/themes/admin3/js/underscore-min.map
HTTP_REFERER=http://dev.default.com/admin/user/1
---
2014/02/27 21:36:35 [error] [exception.CHttpException.404] exception 'CHttpException' with message 'Unable to resolve the request "themes/admin3/js/jquery-1.10.2.min.map".' in /opt/local/www/default/framework/web/CWebApplication.php:280
Stack trace:
#0 /opt/local/www/default/framework/web/CWebApplication.php(135): CWebApplication->runController('themes/admin3/j...')
#1 /opt/local/www/default/framework/base/CApplication.php(162): CWebApplication->processRequest()
#2 /opt/local/www/default/app/index.php(13): CApplication->run()
#3 {main}
REQUEST_URI=/themes/admin3/js/jquery-1.10.2.min.map
HTTP_REFERER=http://dev.default.com/admin/user/1
---
2014/02/27 21:36:35 [error] [exception.CHttpException.404] exception 'CHttpException' with message 'Unable to resolve the request "themes/admin3/js/underscore-min.map".' in /opt/local/www/default/framework/web/CWebApplication.php:280
Stack trace:
#0 /opt/local/www/default/framework/web/CWebApplication.php(135): CWebApplication->runController('themes/admin3/j...')
#1 /opt/local/www/default/framework/base/CApplication.php(162): CWebApplication->processRequest()
#2 /opt/local/www/default/app/index.php(13): CApplication->run()
#3 {main}
REQUEST_URI=/themes/admin3/js/underscore-min.map
HTTP_REFERER=http://dev.default.com/admin/user/1
---
2014/02/27 21:36:35 [error] [exception.CHttpException.404] exception 'CHttpException' with message 'The requested page does not exist.' in /opt/local/www/default/app/protected/controllers/SiteController.php:94
Stack trace:
#0 /opt/local/www/default/app/protected/controllers/SiteController.php(74): SiteController->loadModelBySlug('favicon.ico')
#1 [internal function]: SiteController->actionPage('favicon.ico')
#2 /opt/local/www/default/framework/web/actions/CAction.php(107): ReflectionMethod->invokeArgs(Object(SiteController), Array)
#3 /opt/local/www/default/framework/web/actions/CInlineAction.php(48): CAction->runWithParamsInternal(Object(SiteController), Object(ReflectionMethod), Array)
#4 /opt/local/www/default/framework/web/CController.php(309): CInlineAction->runWithParams(Array)
#5 /opt/local/www/default/framework/web/CController.php(287): CController->runAction(Object(CInlineAction))
#6 /opt/local/www/default/framework/web/CController.php(266): CController->runActionWithFilters(Object(CInlineAction), Array)
#7 /opt/local/www/default/framework/web/CWebApplication.php(276): CController->run('page')
#8 /opt/local/www/default/framework/web/CWebApplication.php(135): CWebApplication->runController('site/page')
#9 /opt/local/www/default/framework/base/CApplication.php(162): CWebApplication->processRequest()
#10 /opt/local/www/default/app/index.php(13): CApplication->run()
#11 {main}
REQUEST_URI=/favicon.ico
---
2014/02/27 21:37:27 [error] [exception.CHttpException.404] exception 'CHttpException' with message 'Unable to resolve the request "themes/admin3/js/jquery-1.10.2.min.map".' in /opt/local/www/default/framework/web/CWebApplication.php:280
Stack trace:
#0 /opt/local/www/default/framework/web/CWebApplication.php(135): CWebApplication->runController('themes/admin3/j...')
#1 /opt/local/www/default/framework/base/CApplication.php(162): CWebApplication->processRequest()
#2 /opt/local/www/default/app/index.php(13): CApplication->run()
#3 {main}
REQUEST_URI=/themes/admin3/js/jquery-1.10.2.min.map
HTTP_REFERER=http://dev.default.com/admin/user/1
---
2014/02/27 21:37:27 [error] [exception.CHttpException.404] exception 'CHttpException' with message 'Unable to resolve the request "themes/admin3/js/underscore-min.map".' in /opt/local/www/default/framework/web/CWebApplication.php:280
Stack trace:
#0 /opt/local/www/default/framework/web/CWebApplication.php(135): CWebApplication->runController('themes/admin3/j...')
#1 /opt/local/www/default/framework/base/CApplication.php(162): CWebApplication->processRequest()
#2 /opt/local/www/default/app/index.php(13): CApplication->run()
#3 {main}
REQUEST_URI=/themes/admin3/js/underscore-min.map
HTTP_REFERER=http://dev.default.com/admin/user/1
---
2014/02/27 21:37:29 [error] [exception.CHttpException.404] exception 'CHttpException' with message 'Unable to resolve the request "themes/admin3/js/jquery-1.10.2.min.map".' in /opt/local/www/default/framework/web/CWebApplication.php:280
Stack trace:
#0 /opt/local/www/default/framework/web/CWebApplication.php(135): CWebApplication->runController('themes/admin3/j...')
#1 /opt/local/www/default/framework/base/CApplication.php(162): CWebApplication->processRequest()
#2 /opt/local/www/default/app/index.php(13): CApplication->run()
#3 {main}
REQUEST_URI=/themes/admin3/js/jquery-1.10.2.min.map
HTTP_REFERER=http://dev.default.com/admin/user/1
---
2014/02/27 21:37:29 [error] [exception.CHttpException.404] exception 'CHttpException' with message 'Unable to resolve the request "themes/admin3/js/underscore-min.map".' in /opt/local/www/default/framework/web/CWebApplication.php:280
Stack trace:
#0 /opt/local/www/default/framework/web/CWebApplication.php(135): CWebApplication->runController('themes/admin3/j...')
#1 /opt/local/www/default/framework/base/CApplication.php(162): CWebApplication->processRequest()
#2 /opt/local/www/default/app/index.php(13): CApplication->run()
#3 {main}
REQUEST_URI=/themes/admin3/js/underscore-min.map
HTTP_REFERER=http://dev.default.com/admin/user/1
---
2014/02/27 21:37:45 [error] [exception.CHttpException.404] exception 'CHttpException' with message 'Unable to resolve the request "themes/admin3/js/jquery-1.10.2.min.map".' in /opt/local/www/default/framework/web/CWebApplication.php:280
Stack trace:
#0 /opt/local/www/default/framework/web/CWebApplication.php(135): CWebApplication->runController('themes/admin3/j...')
#1 /opt/local/www/default/framework/base/CApplication.php(162): CWebApplication->processRequest()
#2 /opt/local/www/default/app/index.php(13): CApplication->run()
#3 {main}
REQUEST_URI=/themes/admin3/js/jquery-1.10.2.min.map
HTTP_REFERER=http://dev.default.com/admin/user/1
---
2014/02/27 21:37:45 [error] [exception.CHttpException.404] exception 'CHttpException' with message 'Unable to resolve the request "themes/admin3/js/underscore-min.map".' in /opt/local/www/default/framework/web/CWebApplication.php:280
Stack trace:
#0 /opt/local/www/default/framework/web/CWebApplication.php(135): CWebApplication->runController('themes/admin3/j...')
#1 /opt/local/www/default/framework/base/CApplication.php(162): CWebApplication->processRequest()
#2 /opt/local/www/default/app/index.php(13): CApplication->run()
#3 {main}
REQUEST_URI=/themes/admin3/js/underscore-min.map
HTTP_REFERER=http://dev.default.com/admin/user/1
---
2014/02/27 21:39:02 [error] [exception.CHttpException.404] exception 'CHttpException' with message 'Unable to resolve the request "themes/admin3/js/jquery-1.10.2.min.map".' in /opt/local/www/default/framework/web/CWebApplication.php:280
Stack trace:
#0 /opt/local/www/default/framework/web/CWebApplication.php(135): CWebApplication->runController('themes/admin3/j...')
#1 /opt/local/www/default/framework/base/CApplication.php(162): CWebApplication->processRequest()
#2 /opt/local/www/default/app/index.php(13): CApplication->run()
#3 {main}
REQUEST_URI=/themes/admin3/js/jquery-1.10.2.min.map
HTTP_REFERER=http://dev.default.com/admin/user/1
---
2014/02/27 21:39:02 [error] [exception.CHttpException.404] exception 'CHttpException' with message 'Unable to resolve the request "themes/admin3/js/underscore-min.map".' in /opt/local/www/default/framework/web/CWebApplication.php:280
Stack trace:
#0 /opt/local/www/default/framework/web/CWebApplication.php(135): CWebApplication->runController('themes/admin3/j...')
#1 /opt/local/www/default/framework/base/CApplication.php(162): CWebApplication->processRequest()
#2 /opt/local/www/default/app/index.php(13): CApplication->run()
#3 {main}
REQUEST_URI=/themes/admin3/js/underscore-min.map
HTTP_REFERER=http://dev.default.com/admin/user/1
---
2014/02/27 21:39:02 [error] [exception.CHttpException.404] exception 'CHttpException' with message 'The requested page does not exist.' in /opt/local/www/default/app/protected/controllers/SiteController.php:94
Stack trace:
#0 /opt/local/www/default/app/protected/controllers/SiteController.php(74): SiteController->loadModelBySlug('favicon.ico')
#1 [internal function]: SiteController->actionPage('favicon.ico')
#2 /opt/local/www/default/framework/web/actions/CAction.php(107): ReflectionMethod->invokeArgs(Object(SiteController), Array)
#3 /opt/local/www/default/framework/web/actions/CInlineAction.php(48): CAction->runWithParamsInternal(Object(SiteController), Object(ReflectionMethod), Array)
#4 /opt/local/www/default/framework/web/CController.php(309): CInlineAction->runWithParams(Array)
#5 /opt/local/www/default/framework/web/CController.php(287): CController->runAction(Object(CInlineAction))
#6 /opt/local/www/default/framework/web/CController.php(266): CController->runActionWithFilters(Object(CInlineAction), Array)
#7 /opt/local/www/default/framework/web/CWebApplication.php(276): CController->run('page')
#8 /opt/local/www/default/framework/web/CWebApplication.php(135): CWebApplication->runController('site/page')
#9 /opt/local/www/default/framework/base/CApplication.php(162): CWebApplication->processRequest()
#10 /opt/local/www/default/app/index.php(13): CApplication->run()
#11 {main}
REQUEST_URI=/favicon.ico
---
2014/02/27 21:39:14 [error] [exception.CHttpException.404] exception 'CHttpException' with message 'Unable to resolve the request "themes/admin3/js/jquery-1.10.2.min.map".' in /opt/local/www/default/framework/web/CWebApplication.php:280
Stack trace:
#0 /opt/local/www/default/framework/web/CWebApplication.php(135): CWebApplication->runController('themes/admin3/j...')
#1 /opt/local/www/default/framework/base/CApplication.php(162): CWebApplication->processRequest()
#2 /opt/local/www/default/app/index.php(13): CApplication->run()
#3 {main}
REQUEST_URI=/themes/admin3/js/jquery-1.10.2.min.map
HTTP_REFERER=http://dev.default.com/admin/user/1
---
2014/02/27 21:39:14 [error] [exception.CHttpException.404] exception 'CHttpException' with message 'The requested page does not exist.' in /opt/local/www/default/app/protected/controllers/SiteController.php:94
Stack trace:
#0 /opt/local/www/default/app/protected/controllers/SiteController.php(74): SiteController->loadModelBySlug('favicon.ico')
#1 [internal function]: SiteController->actionPage('favicon.ico')
#2 /opt/local/www/default/framework/web/actions/CAction.php(107): ReflectionMethod->invokeArgs(Object(SiteController), Array)
#3 /opt/local/www/default/framework/web/actions/CInlineAction.php(48): CAction->runWithParamsInternal(Object(SiteController), Object(ReflectionMethod), Array)
#4 /opt/local/www/default/framework/web/CController.php(309): CInlineAction->runWithParams(Array)
#5 /opt/local/www/default/framework/web/CController.php(287): CController->runAction(Object(CInlineAction))
#6 /opt/local/www/default/framework/web/CController.php(266): CController->runActionWithFilters(Object(CInlineAction), Array)
#7 /opt/local/www/default/framework/web/CWebApplication.php(276): CController->run('page')
#8 /opt/local/www/default/framework/web/CWebApplication.php(135): CWebApplication->runController('site/page')
#9 /opt/local/www/default/framework/base/CApplication.php(162): CWebApplication->processRequest()
#10 /opt/local/www/default/app/index.php(13): CApplication->run()
#11 {main}
REQUEST_URI=/favicon.ico
---
2014/02/27 21:39:14 [error] [exception.CHttpException.404] exception 'CHttpException' with message 'Unable to resolve the request "themes/admin3/js/underscore-min.map".' in /opt/local/www/default/framework/web/CWebApplication.php:280
Stack trace:
#0 /opt/local/www/default/framework/web/CWebApplication.php(135): CWebApplication->runController('themes/admin3/j...')
#1 /opt/local/www/default/framework/base/CApplication.php(162): CWebApplication->processRequest()
#2 /opt/local/www/default/app/index.php(13): CApplication->run()
#3 {main}
REQUEST_URI=/themes/admin3/js/underscore-min.map
HTTP_REFERER=http://dev.default.com/admin/user/1
---
2014/02/27 21:39:23 [error] [exception.CHttpException.404] exception 'CHttpException' with message 'Unable to resolve the request "themes/admin3/js/jquery-1.10.2.min.map".' in /opt/local/www/default/framework/web/CWebApplication.php:280
Stack trace:
#0 /opt/local/www/default/framework/web/CWebApplication.php(135): CWebApplication->runController('themes/admin3/j...')
#1 /opt/local/www/default/framework/base/CApplication.php(162): CWebApplication->processRequest()
#2 /opt/local/www/default/app/index.php(13): CApplication->run()
#3 {main}
REQUEST_URI=/themes/admin3/js/jquery-1.10.2.min.map
HTTP_REFERER=http://dev.default.com/admin/user/1
---
2014/02/27 21:39:23 [error] [exception.CHttpException.404] exception 'CHttpException' with message 'Unable to resolve the request "themes/admin3/js/underscore-min.map".' in /opt/local/www/default/framework/web/CWebApplication.php:280
Stack trace:
#0 /opt/local/www/default/framework/web/CWebApplication.php(135): CWebApplication->runController('themes/admin3/j...')
#1 /opt/local/www/default/framework/base/CApplication.php(162): CWebApplication->processRequest()
#2 /opt/local/www/default/app/index.php(13): CApplication->run()
#3 {main}
REQUEST_URI=/themes/admin3/js/underscore-min.map
HTTP_REFERER=http://dev.default.com/admin/user/1
---
2014/02/27 21:39:30 [error] [exception.CHttpException.404] exception 'CHttpException' with message 'Unable to resolve the request "themes/admin3/js/jquery-1.10.2.min.map".' in /opt/local/www/default/framework/web/CWebApplication.php:280
Stack trace:
#0 /opt/local/www/default/framework/web/CWebApplication.php(135): CWebApplication->runController('themes/admin3/j...')
#1 /opt/local/www/default/framework/base/CApplication.php(162): CWebApplication->processRequest()
#2 /opt/local/www/default/app/index.php(13): CApplication->run()
#3 {main}
REQUEST_URI=/themes/admin3/js/jquery-1.10.2.min.map
HTTP_REFERER=http://dev.default.com/admin/user/1
---
2014/02/27 21:39:30 [error] [exception.CHttpException.404] exception 'CHttpException' with message 'Unable to resolve the request "themes/admin3/js/underscore-min.map".' in /opt/local/www/default/framework/web/CWebApplication.php:280
Stack trace:
#0 /opt/local/www/default/framework/web/CWebApplication.php(135): CWebApplication->runController('themes/admin3/j...')
#1 /opt/local/www/default/framework/base/CApplication.php(162): CWebApplication->processRequest()
#2 /opt/local/www/default/app/index.php(13): CApplication->run()
#3 {main}
REQUEST_URI=/themes/admin3/js/underscore-min.map
HTTP_REFERER=http://dev.default.com/admin/user/1
---
